c:\users\admin\documents\github\project_cs163_group10\project\x64\debug\vc143.pdb
c:\users\admin\documents\github\project_cs163_group10\project\x64\debug\vc143.idb
c:\users\admin\documents\github\project_cs163_group10\project\x64\debug\ui.obj
c:\users\admin\documents\github\project_cs163_group10\project\x64\debug\trie.obj
c:\users\admin\documents\github\project_cs163_group10\project\x64\debug\main.obj
c:\users\admin\documents\github\project_cs163_group10\project\x64\debug\ky.obj
c:\users\admin\documents\github\project_cs163_group10\project\x64\debug\frontend.obj
c:\users\admin\documents\github\project_cs163_group10\project\x64\debug\project.exe
c:\users\admin\documents\github\project_cs163_group10\project\x64\debug\project.ilk
c:\users\admin\documents\github\project_cs163_group10\project\x64\debug\project.pdb
d:\c++\vs\cs163\project_cs163_group10\project\x64\debug\frontend.obj
d:\c++\vs\cs163\project_cs163_group10\project\x64\debug\ky.obj
d:\c++\vs\cs163\project_cs163_group10\project\x64\debug\main.obj
d:\c++\vs\cs163\project_cs163_group10\project\x64\debug\trie.obj
d:\c++\vs\cs163\project_cs163_group10\project\x64\debug\ui.obj
d:\c++\vs\cs163\project_cs163_group10\project\x64\debug\project.ilk
d:\c++\vs\cs163\project_cs163_group10\project\x64\debug\vc143.idb
d:\c++\vs\cs163\project_cs163_group10\project\x64\debug\project.pdb
d:\c++\vs\cs163\project_cs163_group10\project\x64\debug\vc143.pdb
d:\c++\vs\cs163\project_cs163_group10\project\x64\debug\project.tlog\cl.command.1.tlog
d:\c++\vs\cs163\project_cs163_group10\project\x64\debug\project.tlog\cl.items.tlog
d:\c++\vs\cs163\project_cs163_group10\project\x64\debug\project.tlog\cl.read.1.tlog
d:\c++\vs\cs163\project_cs163_group10\project\x64\debug\project.tlog\cl.write.1.tlog
d:\c++\vs\cs163\project_cs163_group10\project\x64\debug\project.tlog\link.command.1.tlog
d:\c++\vs\cs163\project_cs163_group10\project\x64\debug\project.tlog\link.read.1.tlog
d:\c++\vs\cs163\project_cs163_group10\project\x64\debug\project.tlog\link.write.1.tlog
