  FrontEnd.cpp
C:\Users\Admin\Documents\GitHub\Project_CS163_Group10\Project\FrontEnd.cpp(157,41): warning C4244: '+=': conversion from 'float' to 'int', possible loss of data
C:\Users\Admin\Documents\GitHub\Project_CS163_Group10\Project\FrontEnd.cpp(158,42): warning C4244: '+=': conversion from 'float' to 'int', possible loss of data
C:\Users\Admin\Documents\GitHub\Project_CS163_Group10\Project\FrontEnd.cpp(167,34): warning C4267: '+=': conversion from 'size_t' to 'int', possible loss of data
C:\Users\Admin\Documents\GitHub\Project_CS163_Group10\Project\FrontEnd.cpp(177,32): warning C4305: 'argument': truncation from 'double' to 'float'
C:\Users\Admin\Documents\GitHub\Project_CS163_Group10\Project\FrontEnd.cpp(178,37): warning C4305: 'argument': truncation from 'double' to 'float'
C:\Users\Admin\Documents\GitHub\Project_CS163_Group10\Project\FrontEnd.cpp(179,94): warning C4244: 'argument': conversion from 'float' to 'int', possible loss of data
C:\Users\Admin\Documents\GitHub\Project_CS163_Group10\Project\FrontEnd.cpp(179,63): warning C4244: 'argument': conversion from 'float' to 'int', possible loss of data
C:\Users\Admin\Documents\GitHub\Project_CS163_Group10\Project\FrontEnd.cpp(179,50): warning C4244: 'argument': conversion from 'float' to 'int', possible loss of data
C:\Users\Admin\Documents\GitHub\Project_CS163_Group10\Project\FrontEnd.cpp(179,21): warning C4244: 'argument': conversion from 'float' to 'int', possible loss of data
C:\Users\Admin\Documents\GitHub\Project_CS163_Group10\Project\FrontEnd.cpp(180,94): warning C4244: 'argument': conversion from 'float' to 'int', possible loss of data
C:\Users\Admin\Documents\GitHub\Project_CS163_Group10\Project\FrontEnd.cpp(180,63): warning C4244: 'argument': conversion from 'float' to 'int', possible loss of data
C:\Users\Admin\Documents\GitHub\Project_CS163_Group10\Project\FrontEnd.cpp(180,50): warning C4244: 'argument': conversion from 'float' to 'int', possible loss of data
C:\Users\Admin\Documents\GitHub\Project_CS163_Group10\Project\FrontEnd.cpp(180,21): warning C4244: 'argument': conversion from 'float' to 'int', possible loss of data
C:\Users\Admin\Documents\GitHub\Project_CS163_Group10\Project\FrontEnd.cpp(181,124): warning C4244: 'argument': conversion from 'float' to 'int', possible loss of data
C:\Users\Admin\Documents\GitHub\Project_CS163_Group10\Project\FrontEnd.cpp(181,83): warning C4244: 'argument': conversion from 'float' to 'int', possible loss of data
C:\Users\Admin\Documents\GitHub\Project_CS163_Group10\Project\FrontEnd.cpp(181,65): warning C4244: 'argument': conversion from 'float' to 'int', possible loss of data
C:\Users\Admin\Documents\GitHub\Project_CS163_Group10\Project\FrontEnd.cpp(181,26): warning C4244: 'argument': conversion from 'float' to 'int', possible loss of data
C:\Users\Admin\Documents\GitHub\Project_CS163_Group10\Project\FrontEnd.cpp(182,124): warning C4244: 'argument': conversion from 'float' to 'int', possible loss of data
C:\Users\Admin\Documents\GitHub\Project_CS163_Group10\Project\FrontEnd.cpp(182,83): warning C4244: 'argument': conversion from 'float' to 'int', possible loss of data
C:\Users\Admin\Documents\GitHub\Project_CS163_Group10\Project\FrontEnd.cpp(182,65): warning C4244: 'argument': conversion from 'float' to 'int', possible loss of data
C:\Users\Admin\Documents\GitHub\Project_CS163_Group10\Project\FrontEnd.cpp(182,26): warning C4244: 'argument': conversion from 'float' to 'int', possible loss of data
C:\Users\Admin\Documents\GitHub\Project_CS163_Group10\Project\FrontEnd.cpp(183,58): warning C4305: 'argument': truncation from 'double' to 'float'
C:\Users\Admin\Documents\GitHub\Project_CS163_Group10\Project\FrontEnd.cpp(184,60): warning C4305: 'argument': truncation from 'double' to 'float'
C:\Users\Admin\Documents\GitHub\Project_CS163_Group10\Project\FrontEnd.cpp(185,69): warning C4305: 'argument': truncation from 'double' to 'float'
C:\Users\Admin\Documents\GitHub\Project_CS163_Group10\Project\FrontEnd.cpp(186,50): warning C4244: 'argument': conversion from 'float' to 'int', possible loss of data
C:\Users\Admin\Documents\GitHub\Project_CS163_Group10\Project\FrontEnd.cpp(186,34): warning C4244: 'argument': conversion from 'float' to 'int', possible loss of data
C:\Users\Admin\Documents\GitHub\Project_CS163_Group10\Project\FrontEnd.cpp(187,64): warning C4244: 'argument': conversion from 'float' to 'int', possible loss of data
C:\Users\Admin\Documents\GitHub\Project_CS163_Group10\Project\FrontEnd.cpp(187,46): warning C4244: 'argument': conversion from 'float' to 'int', possible loss of data
C:\Users\Admin\Documents\GitHub\Project_CS163_Group10\Project\FrontEnd.cpp(195,67): warning C4244: 'argument': conversion from 'float' to 'int', possible loss of data
C:\Users\Admin\Documents\GitHub\Project_CS163_Group10\Project\FrontEnd.cpp(195,52): warning C4244: 'argument': conversion from 'float' to 'int', possible loss of data
C:\Users\Admin\Documents\GitHub\Project_CS163_Group10\Project\FrontEnd.cpp(196,54): warning C4244: 'argument': conversion from 'float' to 'int', possible loss of data
C:\Users\Admin\Documents\GitHub\Project_CS163_Group10\Project\FrontEnd.cpp(196,39): warning C4244: 'argument': conversion from 'float' to 'int', possible loss of data
C:\Users\Admin\Documents\GitHub\Project_CS163_Group10\Project\FrontEnd.cpp(207,47): warning C4305: 'argument': truncation from 'double' to 'float'
C:\Users\Admin\Documents\GitHub\Project_CS163_Group10\Project\FrontEnd.cpp(208,46): warning C4305: 'argument': truncation from 'double' to 'float'
C:\Users\Admin\Documents\GitHub\Project_CS163_Group10\Project\FrontEnd.cpp(209,47): warning C4305: 'argument': truncation from 'double' to 'float'
C:\Users\Admin\Documents\GitHub\Project_CS163_Group10\Project\FrontEnd.cpp(420,46): warning C4305: 'argument': truncation from 'double' to 'float'
C:\Users\Admin\Documents\GitHub\Project_CS163_Group10\Project\FrontEnd.cpp(421,45): warning C4305: 'argument': truncation from 'double' to 'float'
C:\Users\Admin\Documents\GitHub\Project_CS163_Group10\Project\FrontEnd.cpp(422,46): warning C4305: 'argument': truncation from 'double' to 'float'
C:\Users\Admin\Documents\GitHub\Project_CS163_Group10\Project\FrontEnd.cpp(514,43): warning C4305: 'argument': truncation from 'double' to 'float'
C:\Users\Admin\Documents\GitHub\Project_CS163_Group10\Project\FrontEnd.cpp(515,43): warning C4305: 'argument': truncation from 'double' to 'float'
C:\Users\Admin\Documents\GitHub\Project_CS163_Group10\Project\FrontEnd.cpp(519,41): warning C4305: 'argument': truncation from 'double' to 'float'
C:\Users\Admin\Documents\GitHub\Project_CS163_Group10\Project\FrontEnd.cpp(526,40): warning C4305: 'argument': truncation from 'double' to 'float'
C:\Users\Admin\Documents\GitHub\Project_CS163_Group10\Project\FrontEnd.cpp(714,44): warning C4305: 'argument': truncation from 'double' to 'float'
C:\Users\Admin\Documents\GitHub\Project_CS163_Group10\Project\FrontEnd.cpp(715,44): warning C4305: 'argument': truncation from 'double' to 'float'
C:\Users\Admin\Documents\GitHub\Project_CS163_Group10\Project\FrontEnd.cpp(716,44): warning C4305: 'argument': truncation from 'double' to 'float'
C:\Users\Admin\Documents\GitHub\Project_CS163_Group10\Project\FrontEnd.cpp(718,48): warning C4305: 'argument': truncation from 'double' to 'float'
C:\Users\Admin\Documents\GitHub\Project_CS163_Group10\Project\FrontEnd.cpp(742,22): warning C4244: 'argument': conversion from 'double' to 'int', possible loss of data
C:\Users\Admin\Documents\GitHub\Project_CS163_Group10\Project\FrontEnd.cpp(742,14): warning C4244: 'argument': conversion from 'double' to 'int', possible loss of data
C:\Users\Admin\Documents\GitHub\Project_CS163_Group10\Project\FrontEnd.cpp(748,22): warning C4244: 'argument': conversion from 'double' to 'int', possible loss of data
C:\Users\Admin\Documents\GitHub\Project_CS163_Group10\Project\FrontEnd.cpp(749,22): warning C4244: 'argument': conversion from 'double' to 'int', possible loss of data
C:\Users\Admin\Documents\GitHub\Project_CS163_Group10\Project\FrontEnd.cpp(1034,97): warning C4244: 'argument': conversion from 'float' to 'int', possible loss of data
C:\Users\Admin\Documents\GitHub\Project_CS163_Group10\Project\FrontEnd.cpp(1034,62): warning C4244: 'argument': conversion from 'float' to 'int', possible loss of data
C:\Users\Admin\Documents\GitHub\Project_CS163_Group10\Project\FrontEnd.cpp(1034,42): warning C4244: 'argument': conversion from 'float' to 'int', possible loss of data
C:\Users\Admin\Documents\GitHub\Project_CS163_Group10\Project\FrontEnd.cpp(1034,24): warning C4244: 'argument': conversion from 'float' to 'int', possible loss of data
C:\Users\Admin\Documents\GitHub\Project_CS163_Group10\Project\FrontEnd.cpp(1035,97): warning C4244: 'argument': conversion from 'float' to 'int', possible loss of data
C:\Users\Admin\Documents\GitHub\Project_CS163_Group10\Project\FrontEnd.cpp(1035,62): warning C4244: 'argument': conversion from 'float' to 'int', possible loss of data
C:\Users\Admin\Documents\GitHub\Project_CS163_Group10\Project\FrontEnd.cpp(1035,42): warning C4244: 'argument': conversion from 'float' to 'int', possible loss of data
C:\Users\Admin\Documents\GitHub\Project_CS163_Group10\Project\FrontEnd.cpp(1035,24): warning C4244: 'argument': conversion from 'float' to 'int', possible loss of data
C:\Users\Admin\Documents\GitHub\Project_CS163_Group10\Project\FrontEnd.cpp(1036,97): warning C4244: 'argument': conversion from 'float' to 'int', possible loss of data
C:\Users\Admin\Documents\GitHub\Project_CS163_Group10\Project\FrontEnd.cpp(1036,62): warning C4244: 'argument': conversion from 'float' to 'int', possible loss of data
C:\Users\Admin\Documents\GitHub\Project_CS163_Group10\Project\FrontEnd.cpp(1036,42): warning C4244: 'argument': conversion from 'float' to 'int', possible loss of data
C:\Users\Admin\Documents\GitHub\Project_CS163_Group10\Project\FrontEnd.cpp(1036,24): warning C4244: 'argument': conversion from 'float' to 'int', possible loss of data
C:\Users\Admin\Documents\GitHub\Project_CS163_Group10\Project\FrontEnd.cpp(1037,112): warning C4244: 'argument': conversion from 'float' to 'int', possible loss of data
C:\Users\Admin\Documents\GitHub\Project_CS163_Group10\Project\FrontEnd.cpp(1037,71): warning C4244: 'argument': conversion from 'float' to 'int', possible loss of data
C:\Users\Admin\Documents\GitHub\Project_CS163_Group10\Project\FrontEnd.cpp(1037,48): warning C4244: 'argument': conversion from 'float' to 'int', possible loss of data
C:\Users\Admin\Documents\GitHub\Project_CS163_Group10\Project\FrontEnd.cpp(1037,27): warning C4244: 'argument': conversion from 'float' to 'int', possible loss of data
C:\Users\Admin\Documents\GitHub\Project_CS163_Group10\Project\FrontEnd.cpp(1038,102): warning C4244: 'argument': conversion from 'float' to 'int', possible loss of data
C:\Users\Admin\Documents\GitHub\Project_CS163_Group10\Project\FrontEnd.cpp(1038,65): warning C4244: 'argument': conversion from 'float' to 'int', possible loss of data
C:\Users\Admin\Documents\GitHub\Project_CS163_Group10\Project\FrontEnd.cpp(1038,44): warning C4244: 'argument': conversion from 'float' to 'int', possible loss of data
C:\Users\Admin\Documents\GitHub\Project_CS163_Group10\Project\FrontEnd.cpp(1038,25): warning C4244: 'argument': conversion from 'float' to 'int', possible loss of data
  Project.vcxproj -> C:\Users\Admin\Documents\GitHub\Project_CS163_Group10\Project\x64\Debug\Project.exe
